4/26/2020, 6:23:46 PM - verbose: 
4/26/2020, 6:23:46 PM - verbose: Initial Mongo database enabled:false
4/26/2020, 6:23:46 PM - verbose: Listening on 8085
4/26/2020, 6:23:46 PM - verbose: Mongo database enabled:false
4/26/2020, 6:41:48 PM - verbose: 
4/26/2020, 6:41:48 PM - verbose: Initial Mongo database enabled:false
4/26/2020, 6:41:48 PM - verbose: Listening on 8085
4/26/2020, 6:41:48 PM - verbose: Mongo database enabled:false
4/26/2020, 6:42:15 PM - verbose: BEGIN /READ req.body:{} req.query:{"parm1":"parm1value","parm2":"parm2value"}
4/26/2020, 6:42:15 PM - verbose: basicRouter/read start
4/26/2020, 6:42:15 PM - verbose: req.query:{"parm1":"parm1value","parm2":"parm2value"}
4/26/2020, 6:42:15 PM - verbose: basicRouter/read end
4/26/2020, 6:42:15 PM - verbose: BEGIN /FAVICON.ICO req.body:{} req.query:{}
4/30/2020, 5:26:14 PM - verbose: 
4/30/2020, 5:26:14 PM - verbose: Initial Mongo database enabled:false
4/30/2020, 5:26:14 PM - verbose: Listening on 8085
4/30/2020, 5:26:14 PM - verbose: Mongo database enabled:false
4/30/2020, 5:32:02 PM - verbose: 
4/30/2020, 5:32:02 PM - verbose: Initial Mongo database enabled:false
4/30/2020, 5:32:02 PM - verbose: Listening on 8085
4/30/2020, 5:32:02 PM - verbose: Mongo database enabled:false
4/30/2020, 5:32:16 PM - verbose: BEGIN /READ req.body:{} req.query:{"parm1":"parm1value","parm2":"parm2value"}
4/30/2020, 5:32:16 PM - verbose: basicRouter/read start
4/30/2020, 5:32:16 PM - verbose: req.query:{"parm1":"parm1value","parm2":"parm2value"}
4/30/2020, 5:32:16 PM - verbose: basicRouter/read end
4/30/2020, 5:34:45 PM - verbose: BEGIN /CREATE req.body:{"parm1":"parm1Value from Form","parm2":"parm2Value from Form"} req.query:{}
4/30/2020, 5:34:45 PM - verbose: basicRouter/create start
4/30/2020, 5:34:45 PM - verbose: req.query:{}
4/30/2020, 5:34:45 PM - verbose: req.body:{"parm1":"parm1Value from Form","parm2":"parm2Value from Form"}
4/30/2020, 5:34:45 PM - verbose: basicRouter/create end
